<?xml version="1.0" encoding="UTF-8"?>
<!-- Generated by org.testng.reporters.JUnitXMLReporter -->
<testsuite ignored="0" hostname="DESKTOP-KGUM230" failures="0" tests="2" name="Test" time="75.114" errors="0" timestamp="2022-12-28T17:17:42 IST">
  <testcase classname="testNG.Test_Class_login_functionality" name="login_functionality" time="18.075"/>
  <testcase classname="testNG.TestNGAdd_To_Cart_functionality" name="verifybagprodutAddtocartfunctionaliy" time="11.997"/>
</testsuite> <!-- Test -->
