<?xml version="1.0" encoding="UTF-8"?>
<!-- Generated by org.testng.reporters.JUnitXMLReporter -->
<testsuite ignored="0" hostname="DESKTOP-KGUM230" failures="0" tests="2" name="chrome Test cases" time="30.629" errors="0" timestamp="2022-12-30T18:25:13 IST">
  <testcase classname="testNG.Verify_Login_Functionality" name="VerifyLoginFunctionality" time="0.103"/>
  <testcase classname="testNG.Verify_Logout_Functionality" name="VerifyLogOutFunctionality" time="0.682"/>
</testsuite> <!-- chrome Test cases -->
