<?xml version="1.0" encoding="UTF-8"?>
<!-- Generated by org.testng.reporters.JUnitXMLReporter -->
<testsuite ignored="0" hostname="DESKTOP-KGUM230" failures="0" tests="2" name="firefox Test cases" time="82.918" errors="0" timestamp="2022-12-30T18:26:36 IST">
  <testcase classname="testNG.Verify_Singlebag_product_add_to_cart" name="Verify_bag_product_add_to_cart" time="18.217"/>
  <testcase classname="testNG.Verify_AllProduct_AddToCart_Functionality" name="addtocartallproductfunctionality" time="5.407"/>
</testsuite> <!-- firefox Test cases -->
