<?xml version="1.0" encoding="UTF-8"?>
<!-- Generated by org.testng.reporters.JUnitXMLReporter -->
<testsuite ignored="0" hostname="DESKTOP-KGUM230" failures="0" tests="2" name="High priority Test cases" time="29.295" errors="0" timestamp="2022-12-30T16:20:08 IST">
  <testcase classname="testNG.Verify_Login_Functionality" name="VerifyLoginFunctionality" time="0.091"/>
  <testcase classname="testNG.Verify_Logout_Functionality" name="VerifyLogOutFunctionality" time="0.872"/>
</testsuite> <!-- High priority Test cases -->
